<?xml version="1.0" encoding="UTF-8"?>
<testsuite xmlns:xsi="http://www.w3.org/2001/XMLSchema-instance" xsi:noNamespaceSchemaLocation="https://maven.apache.org/surefire/maven-surefire-plugin/xsd/surefire-test-report-3.0.xsd" version="3.0" name="com.cellc.notificationservice.NotificationServiceApplicationTests" time="7.114" tests="1" errors="0" skipped="0" failures="0">
  <properties>
[...]
</properties>
  <testcase name="contextLoads" classname="com.cellc.notificationservice.NotificationServiceApplicationTests" time="1.583">
    <system-out><![CDATA[09:36:41.438 [main] INFO org.springframework.test.context.support.AnnotationConfigContextLoaderUtils -- Could not detect default configuration classes for test class [com.cellc.notificationservice.NotificationServiceApplicationTests]: NotificationServiceApplicationTests does not declare any static, non-private, non-final, nested classes annotated with @Configuration.
09:36:41.645 [main] INFO org.springframework.boot.test.context.SpringBootTestContextBootstrapper -- Found @SpringBootConfiguration com.cellc.notificationservice.NotificationServiceApplication for test class com.cellc.notificationservice.NotificationServiceApplicationTests

  .   ____          _            __ _ _
 /\\ / ___'_ __ _ _(_)_ __  __ _ \ \ \ \
( ( )\___ | '_ | '_| | '_ \/ _` | \ \ \ \
 \\/  ___)| |_)| | | | | || (_| |  ) ) ) )
  '  |____| .__|_| |_|_| |_\__, | / / / /
 =========|_|==============|___/=/_/_/_/

 :: Spring Boot ::                (v3.3.5)

2026-03-28T09:36:42.898-05:00  INFO 17848 --- [notification-service] [           main] .c.n.NotificationServiceApplicationTests : Starting NotificationServiceApplicationTests using Java 17.0.12 with PID 17848 (started by denil in C:\Users\denil\Documents\Projects_Java\microservices\notification-service)
2026-03-28T09:36:42.901-05:00  INFO 17848 --- [notification-service] [           main] .c.n.NotificationServiceApplicationTests : No active profile set, falling back to 1 default profile: "default"
2026-03-28T09:36:44.597-05:00  INFO 17848 --- [notification-service] [           main] o.s.cloud.context.scope.GenericScope     : BeanFactory id=5c427ad9-1e17-362c-9121-8ee4bc7341ce
2026-03-28T09:36:46.496-05:00  WARN 17848 --- [notification-service] [           main] iguration$LoadBalancerCaffeineWarnLogger : Spring Cloud LoadBalancer is currently working with the default cache. While this cache implementation is useful for development and tests, it's recommended to use Caffeine cache in production.You can switch to using Caffeine cache, by adding it and org.springframework.cache.caffeine.CaffeineCacheManager to the classpath.
2026-03-28T09:36:46.585-05:00  INFO 17848 --- [notification-service] [           main] .c.n.NotificationServiceApplicationTests : Started NotificationServiceApplicationTests in 4.607 seconds (process running for 6.515)
]]></system-out>
  </testcase>
</testsuite>